[debug] [2026-05-05T01:24:49.654Z] ----------------------------------------------------------------------
[debug] [2026-05-05T01:24:49.656Z] Command:       C:\Program Files\nodejs\node.exe C:\Users\aimed\AppData\Roaming\npm\node_modules\firebase-tools\lib\bin\firebase.js deploy --only firestore:rules,storage --project fahamni-dev
[debug] [2026-05-05T01:24:49.656Z] CLI Version:   15.15.0
[debug] [2026-05-05T01:24:49.656Z] Platform:      win32
[debug] [2026-05-05T01:24:49.657Z] Node Version:  v24.14.0
[debug] [2026-05-05T01:24:49.657Z] Time:          Tue May 05 2026 02:24:49 GMT+0100 (heure d’Afrique de l’Ouest)
[debug] [2026-05-05T01:24:49.657Z] ----------------------------------------------------------------------
[debug] 
[debug] [2026-05-05T01:24:49.659Z] >>> [apiv2][query] GET https://firebase-public.firebaseio.com/cli.json [none]
[debug] [2026-05-05T01:24:52.348Z] > command requires scopes: ["email","openid","https://www.googleapis.com/auth/cloudplatformprojects.readonly","https://www.googleapis.com/auth/firebase","https://www.googleapis.com/auth/cloud-platform"]
[debug] [2026-05-05T01:24:52.349Z] > authorizing via signed-in user (aimed.b04020@gmail.com)
[debug] [2026-05-05T01:24:52.349Z] [iam] checking project fahamni-dev for permissions ["datastore.indexes.create","datastore.indexes.delete","datastore.indexes.list","datastore.indexes.update","firebase.projects.get","firebaserules.releases.create","firebaserules.releases.update","firebaserules.rulesets.create"]
[debug] [2026-05-05T01:24:52.350Z] Checked if tokens are valid: false, expires at: 1777932313239
[debug] [2026-05-05T01:24:52.350Z] Checked if tokens are valid: false, expires at: 1777932313239
[debug] [2026-05-05T01:24:52.350Z] > refreshing access token with scopes: []
[debug] [2026-05-05T01:24:52.351Z] >>> [apiv2][query] POST https://www.googleapis.com/oauth2/v3/token [none]
[debug] [2026-05-05T01:24:52.351Z] >>> [apiv2][body] POST https://www.googleapis.com/oauth2/v3/token [omitted]
[debug] [2026-05-05T01:24:52.665Z] <<< [apiv2][status] POST https://www.googleapis.com/oauth2/v3/token 200
[debug] [2026-05-05T01:24:52.665Z] <<< [apiv2][body] POST https://www.googleapis.com/oauth2/v3/token [omitted]
[debug] [2026-05-05T01:24:52.670Z] >>> [apiv2][query] POST https://cloudresourcemanager.googleapis.com/v1/projects/fahamni-dev:testIamPermissions [none]
[debug] [2026-05-05T01:24:52.670Z] >>> [apiv2][(partial)header] POST https://cloudresourcemanager.googleapis.com/v1/projects/fahamni-dev:testIamPermissions  x-goog-user-project=fahamni-dev
[debug] [2026-05-05T01:24:52.670Z] >>> [apiv2][body] POST https://cloudresourcemanager.googleapis.com/v1/projects/fahamni-dev:testIamPermissions {"permissions":["datastore.indexes.create","datastore.indexes.delete","datastore.indexes.list","datastore.indexes.update","firebase.projects.get","firebaserules.releases.create","firebaserules.releases.update","firebaserules.rulesets.create"]}
[debug] [2026-05-05T01:24:52.814Z] <<< [apiv2][status] GET https://firebase-public.firebaseio.com/cli.json 200
[debug] [2026-05-05T01:24:52.814Z] <<< [apiv2][body] GET https://firebase-public.firebaseio.com/cli.json {"cloudBuildErrorAfter":1594252800000,"cloudBuildWarnAfter":1590019200000,"defaultNode10After":1594252800000,"minVersion":"3.0.5","node8DeploysDisabledAfter":1613390400000,"node8RuntimeDisabledAfter":1615809600000,"node8WarnAfter":1600128000000}
[debug] [2026-05-05T01:24:53.742Z] <<< [apiv2][status] POST https://cloudresourcemanager.googleapis.com/v1/projects/fahamni-dev:testIamPermissions 200
[debug] [2026-05-05T01:24:53.742Z] <<< [apiv2][body] POST https://cloudresourcemanager.googleapis.com/v1/projects/fahamni-dev:testIamPermissions {"permissions":["datastore.indexes.create","datastore.indexes.delete","datastore.indexes.list","datastore.indexes.update","firebase.projects.get","firebaserules.releases.create","firebaserules.releases.update","firebaserules.rulesets.create"]}
[info] 
[info] === Deploying to 'fahamni-dev'...
[info] 
[info] i  deploying storage, firestore 
[info] i  storage: ensuring required API firebasestorage.googleapis.com is enabled... 
[debug] [2026-05-05T01:24:53.744Z] Checked if tokens are valid: true, expires at: 1777947891665
[debug] [2026-05-05T01:24:53.744Z] Checked if tokens are valid: true, expires at: 1777947891665
[debug] [2026-05-05T01:24:53.744Z] >>> [apiv2][query] GET https://serviceusage.googleapis.com/v1/projects/fahamni-dev/services/firebasestorage.googleapis.com [none]
[debug] [2026-05-05T01:24:53.744Z] >>> [apiv2][(partial)header] GET https://serviceusage.googleapis.com/v1/projects/fahamni-dev/services/firebasestorage.googleapis.com  x-goog-user-project=fahamni-dev
[debug] [2026-05-05T01:24:54.951Z] <<< [apiv2][status] GET https://serviceusage.googleapis.com/v1/projects/fahamni-dev/services/firebasestorage.googleapis.com 200
[debug] [2026-05-05T01:24:54.951Z] <<< [apiv2][body] GET https://serviceusage.googleapis.com/v1/projects/fahamni-dev/services/firebasestorage.googleapis.com [omitted]
[info] +  storage: required API firebasestorage.googleapis.com is enabled 
[debug] [2026-05-05T01:24:54.966Z] Checked if tokens are valid: true, expires at: 1777947891665
[debug] [2026-05-05T01:24:54.966Z] Checked if tokens are valid: true, expires at: 1777947891665
[debug] [2026-05-05T01:24:54.966Z] >>> [apiv2][query] GET https://firebasestorage.googleapis.com/v1alpha/projects/fahamni-dev/defaultBucket [none]
[debug] [2026-05-05T01:24:55.795Z] <<< [apiv2][status] GET https://firebasestorage.googleapis.com/v1alpha/projects/fahamni-dev/defaultBucket 200
[debug] [2026-05-05T01:24:55.795Z] <<< [apiv2][body] GET https://firebasestorage.googleapis.com/v1alpha/projects/fahamni-dev/defaultBucket {"name":"projects/fahamni-dev/defaultBucket","location":"US-EAST1","bucket":{"name":"projects/fahamni-dev/buckets/fahamni-dev.firebasestorage.app"},"storageClass":"REGIONAL"}
[info] i  firebase.storage: checking storage.rules for compilation errors... 
[debug] [2026-05-05T01:24:55.796Z] Checked if tokens are valid: true, expires at: 1777947891665
[debug] [2026-05-05T01:24:55.796Z] Checked if tokens are valid: true, expires at: 1777947891665
[debug] [2026-05-05T01:24:55.796Z] >>> [apiv2][query] POST https://firebaserules.googleapis.com/v1/projects/fahamni-dev:test [none]
[debug] [2026-05-05T01:24:55.796Z] >>> [apiv2][body] POST https://firebaserules.googleapis.com/v1/projects/fahamni-dev:test [omitted]
[debug] [2026-05-05T01:24:56.479Z] <<< [apiv2][status] POST https://firebaserules.googleapis.com/v1/projects/fahamni-dev:test 200
[debug] [2026-05-05T01:24:56.479Z] <<< [apiv2][body] POST https://firebaserules.googleapis.com/v1/projects/fahamni-dev:test {}
[info] +  firebase.storage: rules file storage.rules compiled successfully 
[info] i  firestore: ensuring required API firestore.googleapis.com is enabled... 
[debug] [2026-05-05T01:24:56.479Z] Checked if tokens are valid: true, expires at: 1777947891665
[debug] [2026-05-05T01:24:56.479Z] Checked if tokens are valid: true, expires at: 1777947891665
[debug] [2026-05-05T01:24:56.479Z] >>> [apiv2][query] GET https://serviceusage.googleapis.com/v1/projects/fahamni-dev/services/firestore.googleapis.com [none]
[debug] [2026-05-05T01:24:56.480Z] >>> [apiv2][(partial)header] GET https://serviceusage.googleapis.com/v1/projects/fahamni-dev/services/firestore.googleapis.com  x-goog-user-project=fahamni-dev
[debug] [2026-05-05T01:24:57.407Z] <<< [apiv2][status] GET https://serviceusage.googleapis.com/v1/projects/fahamni-dev/services/firestore.googleapis.com 200
[debug] [2026-05-05T01:24:57.407Z] <<< [apiv2][body] GET https://serviceusage.googleapis.com/v1/projects/fahamni-dev/services/firestore.googleapis.com [omitted]
[info] +  firestore: required API firestore.googleapis.com is enabled 
[info] i  firestore: ensuring required API firestore.googleapis.com is enabled... 
[debug] [2026-05-05T01:24:57.423Z] Checked if tokens are valid: true, expires at: 1777947891665
[debug] [2026-05-05T01:24:57.423Z] Checked if tokens are valid: true, expires at: 1777947891665
[debug] [2026-05-05T01:24:57.423Z] >>> [apiv2][query] GET https://firestore.googleapis.com/v1/projects/fahamni-dev/databases/(default) [none]
[debug] [2026-05-05T01:24:57.946Z] <<< [apiv2][status] GET https://firestore.googleapis.com/v1/projects/fahamni-dev/databases/(default) 200
[debug] [2026-05-05T01:24:57.946Z] <<< [apiv2][body] GET https://firestore.googleapis.com/v1/projects/fahamni-dev/databases/(default) {"name":"projects/fahamni-dev/databases/(default)","uid":"3da70568-ea98-4bc4-8c68-e42db72642a4","createTime":"2026-03-05T19:28:41.826119Z","updateTime":"2026-03-05T19:28:41.826119Z","locationId":"europe-west9","type":"FIRESTORE_NATIVE","concurrencyMode":"PESSIMISTIC","versionRetentionPeriod":"3600s","earliestVersionTime":"2026-05-05T00:24:52.909472Z","appEngineIntegrationMode":"DISABLED","pointInTimeRecoveryEnablement":"POINT_IN_TIME_RECOVERY_DISABLED","deleteProtectionState":"DELETE_PROTECTION_DISABLED","databaseEdition":"STANDARD","freeTier":true,"realtimeUpdatesMode":"REALTIME_UPDATES_MODE_ENABLED","etag":"IN+9idD+oJQDMIivvbiDwJMD"}
[info] i  firestore: reading indexes from firestore.indexes.json... 
[info] i  cloud.firestore: checking firestore.rules for compilation errors... 
[debug] [2026-05-05T01:24:57.947Z] Checked if tokens are valid: true, expires at: 1777947891665
[debug] [2026-05-05T01:24:57.947Z] Checked if tokens are valid: true, expires at: 1777947891665
[debug] [2026-05-05T01:24:57.947Z] >>> [apiv2][query] POST https://firebaserules.googleapis.com/v1/projects/fahamni-dev:test [none]
[debug] [2026-05-05T01:24:57.947Z] >>> [apiv2][body] POST https://firebaserules.googleapis.com/v1/projects/fahamni-dev:test [omitted]
[debug] [2026-05-05T01:24:58.366Z] <<< [apiv2][status] POST https://firebaserules.googleapis.com/v1/projects/fahamni-dev:test 200
[debug] [2026-05-05T01:24:58.366Z] <<< [apiv2][body] POST https://firebaserules.googleapis.com/v1/projects/fahamni-dev:test {"issues":[{"sourcePosition":{"fileName":"firestore.rules","line":16,"column":14,"currentOffset":421,"endOffset":453},"description":"Unused function: isConversationParticipantResource.","severity":"WARNING"},{"sourcePosition":{"fileName":"firestore.rules","line":18,"column":9,"currentOffset":496,"endOffset":503},"description":"Invalid variable name: resource.","severity":"WARNING"},{"sourcePosition":{"fileName":"firestore.rules","line":19,"column":9,"currentOffset":543,"endOffset":549},"description":"Invalid variable name: request.","severity":"WARNING"},{"sourcePosition":{"fileName":"firestore.rules","line":19,"column":29,"currentOffset":563,"endOffset":570},"description":"Invalid variable name: resource.","severity":"WARNING"},{"sourcePosition":{"fileName":"firestore.rules","line":22,"column":14,"currentOffset":614,"endOffset":646},"description":"Unused function: isLegacyConversationOwnerResource.","severity":"WARNING"},{"sourcePosition":{"fileName":"firestore.rules","line":24,"column":9,"currentOffset":689,"endOffset":696},"description":"Invalid variable name: resource.","severity":"WARNING"},{"sourcePosition":{"fileName":"firestore.rules","line":25,"column":9,"currentOffset":734,"endOffset":741},"description":"Invalid variable name: resource.","severity":"WARNING"},{"sourcePosition":{"fileName":"firestore.rules","line":25,"column":35,"currentOffset":760,"endOffset":766},"description":"Invalid variable name: request.","severity":"WARNING"}]}
[warn] !  [W] 16:14 - Unused function: isConversationParticipantResource. 
[warn] !  [W] 18:9 - Invalid variable name: resource. 
[warn] !  [W] 19:9 - Invalid variable name: request. 
[warn] !  [W] 19:29 - Invalid variable name: resource. 
[warn] !  [W] 22:14 - Unused function: isLegacyConversationOwnerResource. 
[warn] !  [W] 24:9 - Invalid variable name: resource. 
[warn] !  [W] 25:9 - Invalid variable name: resource. 
[warn] !  [W] 25:35 - Invalid variable name: request. 
[info] +  cloud.firestore: rules file firestore.rules compiled successfully 
[debug] [2026-05-05T01:24:58.367Z] Checked if tokens are valid: true, expires at: 1777947891665
[debug] [2026-05-05T01:24:58.367Z] Checked if tokens are valid: true, expires at: 1777947891665
[debug] [2026-05-05T01:24:58.367Z] >>> [apiv2][query] GET https://firebaserules.googleapis.com/v1/projects/fahamni-dev/releases pageSize=10&pageToken=
[debug] [2026-05-05T01:24:59.108Z] <<< [apiv2][status] GET https://firebaserules.googleapis.com/v1/projects/fahamni-dev/releases 200
[debug] [2026-05-05T01:24:59.108Z] <<< [apiv2][body] GET https://firebaserules.googleapis.com/v1/projects/fahamni-dev/releases {"releases":[{"name":"projects/fahamni-dev/releases/cloud.firestore","rulesetName":"projects/fahamni-dev/rulesets/bc19a362-77d8-469d-b34d-fb213ae53c9a","createTime":"2026-03-05T19:28:45.983395Z","updateTime":"2026-05-03T00:14:28.352432Z"},{"name":"projects/fahamni-dev/releases/firebase.storage/fahamni-dev.firebasestorage.app","rulesetName":"projects/fahamni-dev/rulesets/d5b188ae-09b3-445b-9165-2a9139b68511","createTime":"2026-04-29T20:56:37.845223Z","updateTime":"2026-04-29T21:49:15.896500Z"}]}
[debug] [2026-05-05T01:24:59.115Z] Checked if tokens are valid: true, expires at: 1777947891665
[debug] [2026-05-05T01:24:59.115Z] Checked if tokens are valid: true, expires at: 1777947891665
[debug] [2026-05-05T01:24:59.115Z] >>> [apiv2][query] GET https://firebaserules.googleapis.com/v1/projects/fahamni-dev/rulesets/d5b188ae-09b3-445b-9165-2a9139b68511 [none]
[debug] [2026-05-05T01:24:59.875Z] <<< [apiv2][status] GET https://firebaserules.googleapis.com/v1/projects/fahamni-dev/rulesets/d5b188ae-09b3-445b-9165-2a9139b68511 200
[debug] [2026-05-05T01:24:59.875Z] <<< [apiv2][body] GET https://firebaserules.googleapis.com/v1/projects/fahamni-dev/rulesets/d5b188ae-09b3-445b-9165-2a9139b68511 [omitted]
[info] i  storage: uploading rules storage.rules... 
[debug] [2026-05-05T01:24:59.876Z] Checked if tokens are valid: true, expires at: 1777947891665
[debug] [2026-05-05T01:24:59.876Z] Checked if tokens are valid: true, expires at: 1777947891665
[debug] [2026-05-05T01:24:59.876Z] >>> [apiv2][query] POST https://firebaserules.googleapis.com/v1/projects/fahamni-dev/rulesets [none]
[debug] [2026-05-05T01:24:59.876Z] >>> [apiv2][body] POST https://firebaserules.googleapis.com/v1/projects/fahamni-dev/rulesets [omitted]
[debug] [2026-05-05T01:25:00.734Z] <<< [apiv2][status] POST https://firebaserules.googleapis.com/v1/projects/fahamni-dev/rulesets 200
[debug] [2026-05-05T01:25:00.734Z] <<< [apiv2][body] POST https://firebaserules.googleapis.com/v1/projects/fahamni-dev/rulesets {"name":"projects/fahamni-dev/rulesets/6be06f06-5a07-4673-9593-580943686da1","source":{"files":[{"content":"rules_version = '2';\r\nservice firebase.storage {\r\n  match /b/{bucket}/o {\r\n    function signedIn() {\n      return request.auth != null;\n    }\n\n    function isAdmin() {\n      return signedIn() &&\n        firestore.exists(/databases/(default)/documents/admins/$(request.auth.uid));\n    }\n\n    function conversationData(chatId) {\r\n      return firestore.get(\r\n        /databases/(default)/documents/conversations/$(chatId)\r\n      ).data;\r\n    }\r\n\r\n    function isParticipant(chatId) {\r\n      return signedIn() &&\r\n        conversationData(chatId).participants is list &&\r\n        request.auth.uid in conversationData(chatId).participants;\r\n    }\r\n\r\n    function isLegacyOwner(chatId) {\r\n      return signedIn() &&\r\n        conversationData(chatId).user_uid is string &&\r\n        conversationData(chatId).user_uid == request.auth.uid;\r\n    }\r\n\r\n    function canAccessChat(chatId) {\r\n      return isParticipant(chatId) || isLegacyOwner(chatId);\r\n    }\r\n\r\n    // --- VOICE FEATURE START ---\r\n    match /chats/{chatId}/voice/{fileId} {\r\n      allow read, write: if canAccessChat(chatId);\r\n    }\r\n    // --- VOICE FEATURE END ---\r\n\r\n    // --- ATTACHMENT FEATURE START ---\r\n    match /chats/{chatId}/attachments/{fileId} {\n      allow read, write: if canAccessChat(chatId);\n    }\n    // --- ATTACHMENT FEATURE END ---\n\n    match /tutor_certifications/{tutorId}/{fileName=**} {\n      allow read: if signedIn() && (request.auth.uid == tutorId || isAdmin());\n      allow write: if signedIn() && request.auth.uid == tutorId;\n    }\n  }\n}\n","name":"storage.rules"}]},"createTime":"2026-05-05T01:24:55.638319Z","metadata":{"services":["firebase.storage"]}}
[debug] [2026-05-05T01:25:00.734Z] [rules] created ruleset projects/fahamni-dev/rulesets/6be06f06-5a07-4673-9593-580943686da1
[debug] [2026-05-05T01:25:00.735Z] Checked if tokens are valid: true, expires at: 1777947891665
[debug] [2026-05-05T01:25:00.735Z] Checked if tokens are valid: true, expires at: 1777947891665
[debug] [2026-05-05T01:25:00.735Z] >>> [apiv2][query] GET https://firebaserules.googleapis.com/v1/projects/fahamni-dev/releases pageSize=10&pageToken=
[debug] [2026-05-05T01:25:01.549Z] <<< [apiv2][status] GET https://firebaserules.googleapis.com/v1/projects/fahamni-dev/releases 200
[debug] [2026-05-05T01:25:01.549Z] <<< [apiv2][body] GET https://firebaserules.googleapis.com/v1/projects/fahamni-dev/releases {"releases":[{"name":"projects/fahamni-dev/releases/cloud.firestore","rulesetName":"projects/fahamni-dev/rulesets/bc19a362-77d8-469d-b34d-fb213ae53c9a","createTime":"2026-03-05T19:28:45.983395Z","updateTime":"2026-05-03T00:14:28.352432Z"},{"name":"projects/fahamni-dev/releases/firebase.storage/fahamni-dev.firebasestorage.app","rulesetName":"projects/fahamni-dev/rulesets/d5b188ae-09b3-445b-9165-2a9139b68511","createTime":"2026-04-29T20:56:37.845223Z","updateTime":"2026-04-29T21:49:15.896500Z"}]}
[debug] [2026-05-05T01:25:01.549Z] Checked if tokens are valid: true, expires at: 1777947891665
[debug] [2026-05-05T01:25:01.549Z] Checked if tokens are valid: true, expires at: 1777947891665
[debug] [2026-05-05T01:25:01.550Z] >>> [apiv2][query] GET https://firebaserules.googleapis.com/v1/projects/fahamni-dev/rulesets/bc19a362-77d8-469d-b34d-fb213ae53c9a [none]
[debug] [2026-05-05T01:25:02.283Z] <<< [apiv2][status] GET https://firebaserules.googleapis.com/v1/projects/fahamni-dev/rulesets/bc19a362-77d8-469d-b34d-fb213ae53c9a 200
[debug] [2026-05-05T01:25:02.283Z] <<< [apiv2][body] GET https://firebaserules.googleapis.com/v1/projects/fahamni-dev/rulesets/bc19a362-77d8-469d-b34d-fb213ae53c9a [omitted]
[info] i  firestore: uploading rules firestore.rules... 
[debug] [2026-05-05T01:25:02.283Z] Checked if tokens are valid: true, expires at: 1777947891665
[debug] [2026-05-05T01:25:02.283Z] Checked if tokens are valid: true, expires at: 1777947891665
[debug] [2026-05-05T01:25:02.283Z] >>> [apiv2][query] POST https://firebaserules.googleapis.com/v1/projects/fahamni-dev/rulesets [none]
[debug] [2026-05-05T01:25:02.283Z] >>> [apiv2][body] POST https://firebaserules.googleapis.com/v1/projects/fahamni-dev/rulesets [omitted]
[debug] [2026-05-05T01:25:03.250Z] <<< [apiv2][status] POST https://firebaserules.googleapis.com/v1/projects/fahamni-dev/rulesets 200
[debug] [2026-05-05T01:25:03.250Z] <<< [apiv2][body] POST https://firebaserules.googleapis.com/v1/projects/fahamni-dev/rulesets {"name":"projects/fahamni-dev/rulesets/463a347d-975b-4803-923c-8426fd292fdf","source":{"files":[{"content":"rules_version = '2';\r\nservice cloud.firestore {\r\n  match /databases/{database}/documents {\r\n    function signedIn() {\r\n      return request.auth != null;\r\n    }\r\n\r\n    function isSelf(userId) {\r\n      return signedIn() && request.auth.uid == userId;\r\n    }\r\n\r\n    function conversationData(conversationId) {\r\n      return get(/databases/$(database)/documents/conversations/$(conversationId)).data;\r\n    }\r\n\r\n    function isConversationParticipantResource() {\r\n      return signedIn() &&\r\n        resource.data.participants is list &&\r\n        request.auth.uid in resource.data.participants;\r\n    }\r\n\r\n    function isLegacyConversationOwnerResource() {\r\n      return signedIn() &&\r\n        resource.data.user_uid is string &&\r\n        resource.data.user_uid == request.auth.uid;\r\n    }\r\n\r\n    function isConversationParticipant(conversationId) {\r\n      return signedIn() &&\r\n        conversationData(conversationId).participants is list &&\r\n        request.auth.uid in conversationData(conversationId).participants;\r\n    }\r\n\r\n    function isLegacyConversationOwner(conversationId) {\r\n      return signedIn() &&\r\n        conversationData(conversationId).user_uid is string &&\r\n        conversationData(conversationId).user_uid == request.auth.uid;\r\n    }\r\n\r\n    function canAccessConversation(conversationId) {\r\n      return isConversationParticipant(conversationId) ||\r\n        isLegacyConversationOwner(conversationId);\r\n    }\r\n\r\n    function conversationDataAfter(conversationId) {\r\n      return getAfter(/databases/$(database)/documents/conversations/$(conversationId)).data;\r\n    }\r\n\r\n    function isConversationParticipantAfter(conversationId) {\r\n      return signedIn() &&\r\n        conversationDataAfter(conversationId).participants is list &&\r\n        request.auth.uid in conversationDataAfter(conversationId).participants;\r\n    }\r\n\r\n    function requestHasParticipant() {\r\n      return signedIn() &&\r\n        request.resource.data.participants is list &&\r\n        request.auth.uid in request.resource.data.participants;\r\n    }\r\n\r\n    function isTutorResourceOwner() {\r\n      return signedIn() &&\r\n        resource.data.tutor_id is string &&\r\n        resource.data.tutor_id == request.auth.uid;\r\n    }\r\n\r\n    function isTutorWriteOwner() {\r\n      return signedIn() &&\r\n        request.resource.data.tutor_id is string &&\r\n        request.resource.data.tutor_id == request.auth.uid;\r\n    }\r\n\r\n    function isAdmin() {\r\n      return signedIn() &&\r\n        exists(/databases/$(database)/documents/admins/$(request.auth.uid));\r\n    }\r\n\r\n    function parentChildIds() {\r\n      return (\r\n        exists(/databases/$(database)/documents/parents/$(request.auth.uid)) &&\r\n        get(/databases/$(database)/documents/parents/$(request.auth.uid)).data.children_uids is list\r\n      )\r\n        ? get(/databases/$(database)/documents/parents/$(request.auth.uid)).data.children_uids\r\n        : [];\r\n    }\r\n\r\n    function isStudentServiceJoinRequest() {\r\n      return signedIn() &&\r\n        request.resource.data.pending_ids is list &&\r\n        request.resource.data.diff(resource.data).affectedKeys().hasOnly(['pending_ids', 'updated_at']) &&\r\n        (\r\n          !('pending_ids' in resource.data) ||\r\n          resource.data.pending_ids is list\r\n        ) &&\r\n        (\r\n          !('student_ids' in resource.data) ||\r\n          resource.data.student_ids is list\r\n        ) &&\r\n        request.resource.data.pending_ids.size() ==\r\n          (\r\n            ('pending_ids' in resource.data && resource.data.pending_ids is list)\r\n              ? resource.data.pending_ids.size()\r\n              : 0\r\n          ) + 1 &&\r\n        request.resource.data.pending_ids.hasAll(\r\n          ('pending_ids' in resource.data && resource.data.pending_ids is list)\r\n            ? resource.data.pending_ids\r\n            : []\r\n        ) &&\r\n        (\r\n          request.auth.uid in request.resource.data.pending_ids ||\r\n          request.resource.data.pending_ids.hasAny(parentChildIds())\r\n        );\r\n    }\r\n\r\n    // Public lookups are required for registration and phone-based login.\r\n    // These collections are queried by email or phone before the client user\r\n    // has signed in, so read access is allowed for unauthenticated users.\r\n    match /users/{userId} {\n      allow read: if true;\n      allow write: if isSelf(userId) || isAdmin();\n    }\n\r\n    match /students/{userId} {\r\n      allow read: if true;\r\n      allow write: if isSelf(userId) || isAdmin();\r\n    }\r\n\r\n    match /tutors/{userId} {\r\n      allow read: if true;\r\n      allow write: if isSelf(userId) || isAdmin();\r\n      // Allow updating average_rating when submitting reviews\r\n      allow update: if signedIn() && \r\n        request.resource.data.diff(resource.data).affectedKeys().hasOnly(['average_rating']);\r\n    }\r\n\r\n    match /parents/{userId} {\r\n      allow read: if true;\r\n      allow write: if isSelf(userId) || isAdmin();\r\n    }\r\n\r\n    match /conversations/{conversationId} {\r\n      // Allow reads for signed-in users\r\n      // The client-side query with where(participants contains userId) \r\n      // ensures only their conversations are returned\r\n      allow read: if signedIn();\r\n      \r\n      allow create: if requestHasParticipant();\r\n      allow update: if canAccessConversation(conversationId);\r\n      allow delete: if false;\r\n\r\n      match /messages/{messageId} {\r\n        // Allow message reads if user is a conversation participant\r\n        allow read: if signedIn() && canAccessConversation(conversationId);\r\n        allow create: if signedIn() && \r\n          isConversationParticipantAfter(conversationId) &&\r\n          request.resource.data.senderId == request.auth.uid;\r\n        allow update, delete: if false;\r\n      }\r\n    }\r\n\r\n    match /notifications/{notificationId} {\r\n      allow read: if signedIn() &&\r\n        resource.data.receiver_id == request.auth.uid;\r\n      allow create: if signedIn() &&\r\n        request.resource.data.receiver_id is string;\r\n      allow update, delete: if signedIn() &&\r\n        resource.data.receiver_id == request.auth.uid;\r\n    }\r\n\r\n    match /reviews/{reviewId} {\r\n      allow read: if signedIn();\r\n      allow create: if signedIn();\r\n      allow update: if signedIn();\r\n      allow delete: if false;\r\n    }\r\n\r\n    match /quotes/{quoteId} {\r\n      allow read: if signedIn();\r\n      allow create: if signedIn();\r\n      allow update: if signedIn();\r\n      allow delete: if false;\r\n    }\r\n\r\n    match /quote_requests/{quoteId} {\r\n      allow read: if signedIn();\r\n      allow create: if signedIn();\r\n      allow update: if signedIn();\r\n      allow delete: if false;\r\n    }\r\n\r\n    match /services/{serviceId} {\r\n      allow read: if signedIn();\r\n      allow create: if isTutorWriteOwner() || isAdmin();\r\n      allow update: if isTutorResourceOwner() || isAdmin() || isStudentServiceJoinRequest();\r\n      allow delete: if isTutorResourceOwner() || isAdmin();\r\n    }\r\n\r\n    match /admins/{adminId} {\r\n      allow read: if signedIn();\r\n      allow write: if isSelf(adminId);\r\n    }\r\n\r\n    match /sessions/{sessionId} {\r\n      allow read: if signedIn();\r\n      allow create: if isTutorWriteOwner() || isAdmin();\r\n      allow update, delete: if isTutorResourceOwner() || isAdmin();\r\n    }\r\n\r\n    match /feedbacks/{feedbackId} {\r\n      allow read: if signedIn();\r\n      allow create: if signedIn();\r\n      allow update: if isAdmin();\r\n      allow delete: if false;\r\n    }\r\n\r\n    match /reports/{reportId} {\r\n      allow read: if signedIn();\r\n      allow create: if signedIn();\r\n      allow update: if isAdmin();\r\n      allow delete: if false;\r\n    }\r\n\r\n    match /resources/{resourceId} {\r\n      allow read: if signedIn();\r\n      allow create: if isTutorWriteOwner();\r\n      allow update, delete: if isTutorResourceOwner();\r\n    }\r\n\r\n    match /children/{childId} {\r\n      allow read: if signedIn();\r\n      allow create: if isAdmin() || (signedIn() && request.resource.data.parentUid == request.auth.uid);\r\n      allow update, delete: if isAdmin() || (signedIn() && resource.data.parentUid == request.auth.uid);\r\n    }\r\n\r\n    match /rejections/{rejectionId} {\r\n      allow read: if isAdmin();\r\n      allow create: if isAdmin();\r\n      allow update, delete: if false;\r\n    }\r\n\r\n    // Email OTP collection for verification codes\r\n    match /email_otps/{email} {\r\n      // Allow unauthenticated users to write OTP during signup/login\r\n      // Allow authenticated users to write for email updates\r\n      allow write: if true;\r\n      allow read: if request.auth != null || request.auth == null;\r\n      allow delete: if true;\r\n    }\r\n  }\r\n}\r\n","name":"firestore.rules"}]},"createTime":"2026-05-05T01:24:58.139823Z","metadata":{"services":["cloud.firestore"]}}
[debug] [2026-05-05T01:25:03.250Z] [rules] created ruleset projects/fahamni-dev/rulesets/463a347d-975b-4803-923c-8426fd292fdf
[debug] [2026-05-05T01:25:03.250Z] [rules] releasing firebase.storage/fahamni-dev.firebasestorage.app with ruleset projects/fahamni-dev/rulesets/6be06f06-5a07-4673-9593-580943686da1
[debug] [2026-05-05T01:25:03.251Z] Checked if tokens are valid: true, expires at: 1777947891665
[debug] [2026-05-05T01:25:03.251Z] Checked if tokens are valid: true, expires at: 1777947891665
[debug] [2026-05-05T01:25:03.251Z] >>> [apiv2][query] PATCH https://firebaserules.googleapis.com/v1/projects/fahamni-dev/releases/firebase.storage/fahamni-dev.firebasestorage.app [none]
[debug] [2026-05-05T01:25:03.251Z] >>> [apiv2][body] PATCH https://firebaserules.googleapis.com/v1/projects/fahamni-dev/releases/firebase.storage/fahamni-dev.firebasestorage.app {"release":{"name":"projects/fahamni-dev/releases/firebase.storage/fahamni-dev.firebasestorage.app","rulesetName":"projects/fahamni-dev/rulesets/6be06f06-5a07-4673-9593-580943686da1"}}
[debug] [2026-05-05T01:25:04.403Z] <<< [apiv2][status] PATCH https://firebaserules.googleapis.com/v1/projects/fahamni-dev/releases/firebase.storage/fahamni-dev.firebasestorage.app 200
[debug] [2026-05-05T01:25:04.403Z] <<< [apiv2][body] PATCH https://firebaserules.googleapis.com/v1/projects/fahamni-dev/releases/firebase.storage/fahamni-dev.firebasestorage.app {"name":"projects/fahamni-dev/releases/firebase.storage/fahamni-dev.firebasestorage.app","rulesetName":"projects/fahamni-dev/rulesets/6be06f06-5a07-4673-9593-580943686da1","createTime":"2026-04-29T20:56:37.845223Z","updateTime":"2026-05-05T01:24:59.064796Z"}
[debug] [2026-05-05T01:25:04.403Z] [rules] updated release projects/fahamni-dev/releases/firebase.storage/fahamni-dev.firebasestorage.app
[info] +  storage: released rules storage.rules to firebase.storage 
[debug] [2026-05-05T01:25:04.403Z] [rules] releasing cloud.firestore/(default) with ruleset projects/fahamni-dev/rulesets/463a347d-975b-4803-923c-8426fd292fdf
[debug] [2026-05-05T01:25:04.403Z] Checked if tokens are valid: true, expires at: 1777947891665
[debug] [2026-05-05T01:25:04.403Z] Checked if tokens are valid: true, expires at: 1777947891665
[debug] [2026-05-05T01:25:04.403Z] >>> [apiv2][query] PATCH https://firebaserules.googleapis.com/v1/projects/fahamni-dev/releases/cloud.firestore/(default) [none]
[debug] [2026-05-05T01:25:04.403Z] >>> [apiv2][body] PATCH https://firebaserules.googleapis.com/v1/projects/fahamni-dev/releases/cloud.firestore/(default) {"release":{"name":"projects/fahamni-dev/releases/cloud.firestore/(default)","rulesetName":"projects/fahamni-dev/rulesets/463a347d-975b-4803-923c-8426fd292fdf"}}
[debug] [2026-05-05T01:25:05.390Z] <<< [apiv2][status] PATCH https://firebaserules.googleapis.com/v1/projects/fahamni-dev/releases/cloud.firestore/(default) 200
[debug] [2026-05-05T01:25:05.390Z] <<< [apiv2][body] PATCH https://firebaserules.googleapis.com/v1/projects/fahamni-dev/releases/cloud.firestore/(default) {"name":"projects/fahamni-dev/releases/cloud.firestore","rulesetName":"projects/fahamni-dev/rulesets/463a347d-975b-4803-923c-8426fd292fdf","createTime":"2026-03-05T19:28:45.983395Z","updateTime":"2026-05-05T01:25:00.282937Z"}
[debug] [2026-05-05T01:25:05.390Z] [rules] updated release projects/fahamni-dev/releases/cloud.firestore
[info] +  firestore: released rules firestore.rules to cloud.firestore 
[info] 
[info] +  Deploy complete! 
[info] 
[info] Project Console: https://console.firebase.google.com/project/fahamni-dev/overview
